test_table
col
some_data
CREATE TABLE test_table AS (
  SELECT MOD(ROWNUM,10) col, LPAD('x', 500, 'x') some_data
  FROM dual
  CONNECT BY ROWNUM <= 1000000
);

CREATE INDEX test_index ON test_table ( col );

EXEC dbms_stats.gather_table_stats( 'MY_SCHEMA', 'TEST_TABLE' );

col
COUNT
EXPLAIN PLAN FOR
  SELECT col, COUNT(*)
  FROM test_table
  GROUP BY col;

---------------------------------------------------------------------------------
| Id  | Operation          | Name       | Rows  | Bytes | Cost (%CPU)| Time
---------------------------------------------------------------------------------
|   0 | SELECT STATEMENT   |            |    10 |    30 | 15816   (1)| 00:03:10 
|   1 |  HASH GROUP BY     |            |    10 |    30 | 15816   (1)| 00:03:10 
|   2 |   TABLE ACCESS FULL| TEST_TABLE |   994K|  2914K| 15755   (1)| 00:03:10 
--------------------------------------------------------------------------------- 

