ywot=> EXPLAIN ANALYZE SELECT * FROM "ywot_tile" WHERE ("world_id" = 27685  AND "tileY" <= 6  AND "tileX" <= 9  AND "tileX" >= -2  AND "tileY" >= -1 );                                                                    QUERY PLAN                                                                 -------------------------------------------------------------------------------------------------------------------------------------------
 Bitmap Heap Scan on ywot_tile  (cost=11384.13..149421.27 rows=65989 width=168) (actual time=79.646..80.075 rows=96 loops=1)
   Recheck Cond: ((world_id = 27685) AND ("tileY" <= 6) AND ("tileY" >= (-1)) AND ("tileX" <= 9) AND ("tileX" >= (-2)))
   ->  Bitmap Index Scan on ywot_tile_world_id_key  (cost=0.00..11367.63 rows=65989 width=0) (actual time=79.615..79.615 rows=125 loops=1)
         Index Cond: ((world_id = 27685) AND ("tileY" <= 6) AND ("tileY" >= (-1)) AND ("tileX" <= 9) AND ("tileX" >= (-2)))
 Total runtime: 80.194 ms

