essais=> \d phone_idx
Index "public.phone_idx"
 Column | Type 
--------+------
 phone  | text
btree, for table "public.phonespersons"

essais=> EXPLAIN SELECT person FROM PhonesPersons WHERE phone = '+33 1234567';
                                  QUERY PLAN                                   
-------------------------------------------------------------------------------
 Index Scan using phone_idx on phonespersons  (cost=0.00..8.41 rows=1 width=4)
   Index Cond: (phone = '+33 1234567'::text)
(2 rows)

essais=> EXPLAIN SELECT person FROM PhonesPersons WHERE phone != '+33 1234567';
                              QUERY PLAN                              
----------------------------------------------------------------------
 Seq Scan on phonespersons  (cost=0.00..18621.00 rows=999999 width=4)
   Filter: (phone <> '+33 1234567'::text)
(2 rows)

essais=> \d tld_idx
 Index "public.tld_idx"
     Column      | Type 
-----------------+------
 pg_expression_1 | text
btree, for table "public.emailspersons"

essais=> EXPLAIN ANALYZE SELECT person FROM EmailsPersons WHERE tld(email) = 'fr';
                             QUERY PLAN                                                             
------------------------------------------------------------------------------------------------------------------------------------
 Index Scan using tld_idx on emailspersons  (cost=0.25..4010.79 rows=97033 width=4) (actual time=0.137..261.123 rows=97110 loops=1)
   Index Cond: (tld(email) = 'fr'::text)
 Total runtime: 444.800 ms
(3 rows)

essais=> EXPLAIN ANALYZE SELECT person FROM EmailsPersons WHERE tld(email) != 'fr';
                         QUERY PLAN                                                     
--------------------------------------------------------------------------------------------------------------------
 Seq Scan on emailspersons  (cost=0.00..27129.00 rows=2967 width=4) (actual time=1.004..1031.224 rows=2890 loops=1)
   Filter: (tld(email) <> 'fr'::text)
 Total runtime: 1037.278 ms
(3 rows)

